[14:25:34] [main/WARN] (FabricLoader/Knot) Class path entries reference missing files: C:\Users\djtuc\IdeaProjects\LoverMods\build\resources\client - the game may not load properly!
[14:25:34] [main/INFO] (FabricLoader/GameProvider) Loading Minecraft 1.21.4 with Fabric Loader 0.17.2
[14:25:35] [main/INFO] (FabricLoader) Loading 55 mods:
	- fabric-api 0.119.2+1.21.4
	- fabric-api-base 0.4.54+b47eab6b04
	- fabric-api-lookup-api-v1 1.6.86+b1caf1e904
	- fabric-biome-api-v1 15.0.6+b1c29d8e04
	- fabric-block-api-v1 1.0.31+7feeb73304
	- fabric-block-view-api-v2 1.0.20+9c49cc8c04
	- fabric-blockrenderlayer-v1 2.0.8+7feeb73304
	- fabric-client-gametest-api-v1 4.1.1+6816ccd404
	- fabric-client-tags-api-v1 1.1.29+20ea1e2304
	- fabric-command-api-v1 1.2.62+f71b366f04
	- fabric-command-api-v2 2.2.41+e496eb1504
	- fabric-commands-v0 0.2.79+df3654b304
	- fabric-content-registries-v0 9.1.19+25d1a67604
	- fabric-convention-tags-v1 2.1.20+7f945d5b04
	- fabric-convention-tags-v2 2.14.1+1edcd29104
	- fabric-crash-report-info-v1 0.3.6+7feeb73304
	- fabric-data-attachment-api-v1 1.6.2+e99da0f704
	- fabric-data-generation-api-v1 22.3.1+0f4e5f5504
	- fabric-dimensions-v1 4.0.10+7feeb73304
	- fabric-entity-events-v1 2.0.15+62245bef04
	- fabric-events-interaction-v0 4.0.4+a4eebcf004
	- fabric-game-rule-api-v1 1.0.63+7d48d43904
	- fabric-gametest-api-v1 2.0.26+7feeb73304
	- fabric-item-api-v1 11.3.0+ee91fa1f04
	- fabric-item-group-api-v1 4.2.2+fcb9601404
	- fabric-key-binding-api-v1 1.0.57+7d48d43904
	- fabric-keybindings-v0 0.2.55+df3654b304
	- fabric-lifecycle-events-v1 2.5.4+bf2a60eb04
	- fabric-loot-api-v2 3.0.38+3f89f5a504
	- fabric-loot-api-v3 1.0.26+203e6b2304
	- fabric-message-api-v1 6.0.25+7feeb73304
	- fabric-model-loading-api-v1 4.3.0+ae23723504
	- fabric-networking-api-v1 4.4.0+db5e668204
	- fabric-object-builder-api-v1 18.0.14+38b0d59804
	- fabric-particles-v1 4.0.14+7feeb73304
	- fabric-recipe-api-v1 8.1.1+640e77ae04
	- fabric-registry-sync-v0 6.1.11+4a9c1ece04
	- fabric-renderer-api-v1 5.0.3+50f0feb204
	- fabric-renderer-indigo 2.0.3+50f0feb204
	- fabric-rendering-data-attachment-v1 0.3.58+73761d2e04
	- fabric-rendering-fluids-v1 3.1.19+7feeb73304
	- fabric-rendering-v1 10.2.1+0d31b09f04
	- fabric-resource-conditions-api-v1 5.0.13+203e6b2304
	- fabric-resource-loader-v0 3.1.1+360374ac04
	- fabric-screen-api-v1 2.0.38+7feeb73304
	- fabric-screen-handler-api-v1 1.3.118+7feeb73304
	- fabric-sound-api-v1 1.0.32+7feeb73304
	- fabric-tag-api-v1 1.0.7+7d48d43904
	- fabric-transfer-api-v1 5.4.9+efa825c904
	- fabric-transitive-access-wideners-v1 6.3.2+56e78b9b04
	- fabricloader 0.17.2
	- java 21
	- lovermods 0.0
	- minecraft 1.21.4
	- mixinextras 0.5.0
[14:25:35] [main/INFO] (FabricLoader/Mixin) SpongePowered MIXIN Subsystem Version=0.8.7 Source=file:/C:/Users/djtuc/.gradle/caches/modules-2/files-2.1/net.fabricmc/sponge-mixin/0.16.3+mixin.0.8.7/3e535042688d1265447e52ad86950b7d9678a5fa/sponge-mixin-0.16.3+mixin.0.8.7.jar Service=Knot/Fabric Env=CLIENT
[14:25:35] [main/INFO] (FabricLoader/Mixin) Loaded Fabric development mappings for mixin remapper!
[14:25:35] [main/INFO] (FabricLoader/Mixin) Compatibility level set to JAVA_21
[14:25:35] [main/WARN] (FabricLoader/Mixin) Reference map 'lovermods.refmap.json' for lovermods.mixins.json could not be read. If this is a development environment you can ignore this message
[14:25:36] [main/INFO] (FabricLoader/MixinExtras|Service) Initializing MixinExtras via com.llamalad7.mixinextras.service.MixinExtrasServiceImpl(version=0.5.0).
[14:25:36] [Datafixer Bootstrap/INFO] (Minecraft) 243 Datafixer optimizations took 298 milliseconds
[14:25:40] [Render thread/INFO] (Minecraft) Environment: Environment[sessionHost=https://sessionserver.mojang.com, servicesHost=https://api.minecraftservices.com, name=PROD]
[14:25:40] [Render thread/INFO] (Minecraft) Setting user: LoverMods
[14:25:40] [Render thread/INFO] (Minecraft) [STDOUT]: [LoverMods] ===== STARTING SKIN PRICE LOADING =====
[14:25:40] [Render thread/INFO] (Minecraft) [STDOUT]: [LoverMods] URL: https://gwiisp.github.io/lovermods-prices/splashes.json
[14:25:40] [Render thread/INFO] (Minecraft) [STDOUT]: [LoverMods] Creating HTTP request...
[14:25:40] [Render thread/INFO] (Minecraft) [STDOUT]: [LoverMods] Sending request to GitHub...
[14:25:41] [Render thread/INFO] (Minecraft) [STDOUT]: [LoverMods] Received response with status: 200
[14:25:41] [Render thread/INFO] (Minecraft) [STDOUT]: [LoverMods] Parsing JSON data...
[14:25:41] [Render thread/INFO] (Minecraft) [STDOUT]: [LoverMods] JSON length: 30 characters
[14:25:41] [Render thread/INFO] (Minecraft) [STDOUT]: [LoverMods] First 200 chars of JSON: [
  "Welcome to LoverMods!"
]

[14:25:41] [Render thread/INFO] (Minecraft) [STDERR]: [LoverMods] EXCEPTION in parseAndStorePrices!
[14:25:41] [Render thread/INFO] (Minecraft) [STDERR]: [LoverMods] Exception type: java.lang.IllegalStateException
[14:25:41] [Render thread/INFO] (Minecraft) [STDERR]: [LoverMods] Exception message: Not a JSON Object: ["Welcome to LoverMods!"]
[14:25:41] [Render thread/INFO] (Minecraft) [STDERR]: java.lang.IllegalStateException: Not a JSON Object: ["Welcome to LoverMods!"]
[14:25:41] [Render thread/INFO] (Minecraft) [STDERR]: 	at knot//com.google.gson.JsonElement.getAsJsonObject(JsonElement.java:165)
[14:25:41] [Render thread/INFO] (Minecraft) [STDERR]: 	at knot//gwisp.flight.lovermods.skins.SkinPriceManager.parseAndStorePrices(SkinPriceManager.java:102)
[14:25:41] [Render thread/INFO] (Minecraft) [STDERR]: 	at knot//gwisp.flight.lovermods.skins.SkinPriceManager.init(SkinPriceManager.java:46)
[14:25:41] [Render thread/INFO] (Minecraft) [STDERR]: 	at knot//gwisp.flight.lovermods.client.LovermodsClient.onInitializeClient(LovermodsClient.java:28)
[14:25:41] [Render thread/INFO] (Minecraft) [STDERR]: 	at net.fabricmc.loader.impl.FabricLoaderImpl.invokeEntrypoints(FabricLoaderImpl.java:405)
[14:25:41] [Render thread/INFO] (Minecraft) [STDERR]: 	at net.fabricmc.loader.impl.game.minecraft.Hooks.startClient(Hooks.java:53)
[14:25:41] [Render thread/INFO] (Minecraft) [STDERR]: 	at knot//net.minecraft.client.MinecraftClient.<init>(MinecraftClient.java:476)
[14:25:41] [Render thread/INFO] (Minecraft) [STDERR]: 	at knot//net.minecraft.client.main.Main.main(Main.java:250)
[14:25:41] [Render thread/INFO] (Minecraft) [STDERR]: 	at net.fabricmc.loader.impl.game.minecraft.MinecraftGameProvider.launch(MinecraftGameProvider.java:506)
[14:25:41] [Render thread/INFO] (Minecraft) [STDERR]: 	at net.fabricmc.loader.impl.launch.knot.Knot.launch(Knot.java:72)
[14:25:41] [Render thread/INFO] (Minecraft) [STDERR]: 	at net.fabricmc.loader.impl.launch.knot.KnotClient.main(KnotClient.java:23)
[14:25:41] [Render thread/INFO] (Minecraft) [STDERR]: 	at net.fabricmc.devlaunchinjector.Main.main(Main.java:86)
[14:25:41] [Render thread/INFO] (Minecraft) [STDOUT]: [LoverMods] Successfully loaded 0 skin prices!
[14:25:41] [Render thread/INFO] (Minecraft) [STDOUT]: [LoverMods] ===== SKIN PRICE LOADING COMPLETE =====
[14:25:41] [Render thread/INFO] (Minecraft) [STDOUT]: [LoverMods] Skins loaded: 0
[14:25:41] [ForkJoinPool.commonPool-worker-1/INFO] (Minecraft) [STDOUT]: [LoverMods] Attempting to load custom splashes from: https://gwiisp.github.io/lovermods-prices/splashes.json
[14:25:41] [Render thread/INFO] (Indigo) [Indigo] Registering Indigo renderer!
[14:25:41] [ForkJoinPool.commonPool-worker-1/INFO] (Minecraft) [STDOUT]: [LoverMods] Splash fetch response code: 200
[14:25:41] [ForkJoinPool.commonPool-worker-1/INFO] (Minecraft) [STDOUT]: [LoverMods] Raw splash JSON: [  "Welcome to LoverMods!"]
[14:25:41] [ForkJoinPool.commonPool-worker-1/INFO] (Minecraft) [STDOUT]: [LoverMods] Successfully loaded 1 custom splash texts!
[14:25:41] [ForkJoinPool.commonPool-worker-1/INFO] (Minecraft) [STDOUT]: [LoverMods] Custom splashes: [Welcome to LoverMods!]
[14:25:41] [Render thread/INFO] (Minecraft) Backend library: LWJGL version 3.3.3-snapshot
[14:25:42] [Render thread/INFO] (Minecraft) Reloading ResourceManager: vanilla, fabric, fabric-api, fabric-api-base, fabric-api-lookup-api-v1, fabric-biome-api-v1, fabric-block-api-v1, fabric-block-view-api-v2, fabric-blockrenderlayer-v1, fabric-client-gametest-api-v1, fabric-client-tags-api-v1, fabric-command-api-v1, fabric-command-api-v2, fabric-commands-v0, fabric-content-registries-v0, fabric-convention-tags-v1, fabric-convention-tags-v2, fabric-crash-report-info-v1, fabric-data-attachment-api-v1, fabric-data-generation-api-v1, fabric-dimensions-v1, fabric-entity-events-v1, fabric-events-interaction-v0, fabric-game-rule-api-v1, fabric-gametest-api-v1, fabric-item-api-v1, fabric-item-group-api-v1, fabric-key-binding-api-v1, fabric-keybindings-v0, fabric-lifecycle-events-v1, fabric-loot-api-v2, fabric-loot-api-v3, fabric-message-api-v1, fabric-model-loading-api-v1, fabric-networking-api-v1, fabric-object-builder-api-v1, fabric-particles-v1, fabric-recipe-api-v1, fabric-registry-sync-v0, fabric-renderer-api-v1, fabric-renderer-indigo, fabric-rendering-data-attachment-v1, fabric-rendering-fluids-v1, fabric-rendering-v1, fabric-resource-conditions-api-v1, fabric-resource-loader-v0, fabric-screen-api-v1, fabric-screen-handler-api-v1, fabric-sound-api-v1, fabric-tag-api-v1, fabric-transfer-api-v1, fabric-transitive-access-wideners-v1, fabricloader, lovermods
[14:25:42] [Worker-Main-1/INFO] (Minecraft) Found unifont_jp_patch-16.0.01.hex, loading
[14:25:42] [Worker-Main-3/INFO] (Minecraft) Found unifont_all_no_pua-16.0.01.hex, loading
[14:25:43] [Render thread/INFO] (Minecraft) OpenAL initialized on device OpenAL Soft on Realtek HD Audio 2nd output (Realtek(R) Audio)
[14:25:43] [Render thread/INFO] (Minecraft) Sound engine started
[14:25:43] [Render thread/INFO] (Minecraft) Created: 1024x512x4 minecraft:textures/atlas/blocks.png-atlas
[14:25:43] [Render thread/INFO] (Minecraft) Created: 256x256x4 minecraft:textures/atlas/signs.png-atlas
[14:25:43] [Render thread/INFO] (Minecraft) Created: 512x512x4 minecraft:textures/atlas/shield_patterns.png-atlas
[14:25:43] [Render thread/INFO] (Minecraft) Created: 512x512x4 minecraft:textures/atlas/banner_patterns.png-atlas
[14:25:43] [Render thread/INFO] (Minecraft) Created: 2048x1024x4 minecraft:textures/atlas/armor_trims.png-atlas
[14:25:43] [Render thread/INFO] (Minecraft) Created: 256x256x4 minecraft:textures/atlas/chest.png-atlas
[14:25:43] [Render thread/INFO] (Minecraft) Created: 128x64x4 minecraft:textures/atlas/decorated_pot.png-atlas
[14:25:43] [Render thread/INFO] (Minecraft) Created: 512x256x4 minecraft:textures/atlas/beds.png-atlas
[14:25:43] [Render thread/INFO] (Minecraft) Created: 512x256x4 minecraft:textures/atlas/shulker_boxes.png-atlas
[14:25:43] [Render thread/INFO] (Minecraft) Created: 64x64x0 minecraft:textures/atlas/map_decorations.png-atlas
[14:25:43] [Render thread/INFO] (Minecraft) Created: 512x256x0 minecraft:textures/atlas/particles.png-atlas
[14:25:43] [Render thread/INFO] (Minecraft) Created: 512x256x0 minecraft:textures/atlas/paintings.png-atlas
[14:25:43] [Render thread/INFO] (Minecraft) Created: 256x128x0 minecraft:textures/atlas/mob_effects.png-atlas
[14:25:43] [Render thread/INFO] (Minecraft) Created: 1024x512x0 minecraft:textures/atlas/gui.png-atlas
[14:25:43] [Render thread/INFO] (Minecraft) [STDOUT]: [LoverMods] SplashTextMixin triggered! Original splash: Merry X-mas!
[14:25:43] [Render thread/INFO] (Minecraft) [STDOUT]: [LoverMods] Has custom splashes: true
[14:25:43] [Render thread/INFO] (Minecraft) [STDOUT]: [LoverMods] getRandomSplash called - loaded: true, size: 1
[14:25:43] [Render thread/INFO] (Minecraft) [STDOUT]: [LoverMods] Returning custom splash: Welcome to LoverMods!
[14:25:43] [Render thread/INFO] (Minecraft) [STDOUT]: [LoverMods] Replacing splash with: Welcome to LoverMods!
[14:25:43] [Render thread/INFO] (Minecraft) [STDOUT]: [LoverMods] SplashTextMixin triggered! Original splash: Happy new year!
[14:25:43] [Render thread/INFO] (Minecraft) [STDOUT]: [LoverMods] Has custom splashes: true
[14:25:43] [Render thread/INFO] (Minecraft) [STDOUT]: [LoverMods] getRandomSplash called - loaded: true, size: 1
[14:25:43] [Render thread/INFO] (Minecraft) [STDOUT]: [LoverMods] Returning custom splash: Welcome to LoverMods!
[14:25:43] [Render thread/INFO] (Minecraft) [STDOUT]: [LoverMods] Replacing splash with: Welcome to LoverMods!
[14:25:43] [Render thread/INFO] (Minecraft) [STDOUT]: [LoverMods] SplashTextMixin triggered! Original splash: OOoooOOOoooo! Spooky!
[14:25:43] [Render thread/INFO] (Minecraft) [STDOUT]: [LoverMods] Has custom splashes: true
[14:25:43] [Render thread/INFO] (Minecraft) [STDOUT]: [LoverMods] getRandomSplash called - loaded: true, size: 1
[14:25:43] [Render thread/INFO] (Minecraft) [STDOUT]: [LoverMods] Returning custom splash: Welcome to LoverMods!
[14:25:43] [Render thread/INFO] (Minecraft) [STDOUT]: [LoverMods] Replacing splash with: Welcome to LoverMods!
[14:25:43] [Render thread/INFO] (Minecraft) [STDOUT]: [LoverMods] SplashTextMixin triggered! Original splash: Terrestrial!
[14:25:43] [Render thread/INFO] (Minecraft) [STDOUT]: [LoverMods] Has custom splashes: true
[14:25:43] [Render thread/INFO] (Minecraft) [STDOUT]: [LoverMods] getRandomSplash called - loaded: true, size: 1
[14:25:43] [Render thread/INFO] (Minecraft) [STDOUT]: [LoverMods] Returning custom splash: Welcome to LoverMods!
[14:25:43] [Render thread/INFO] (Minecraft) [STDOUT]: [LoverMods] Replacing splash with: Welcome to LoverMods!
[14:26:14] [Render thread/INFO] (Minecraft) Stopping!
